e:\0_备课资料\4_c语言备课\c++趣味游戏开发\写书案例代码视频\第1章\chapter1\chapter1\debug\main.obj
e:\0_备课资料\4_c语言备课\c++趣味游戏开发\写书案例代码视频\第1章\chapter1\chapter1\debug\vc100.pdb
e:\0_备课资料\4_c语言备课\c++趣味游戏开发\写书案例代码视频\第1章\chapter1\debug\chapter1.ilk
e:\0_备课资料\4_c语言备课\c++趣味游戏开发\写书案例代码视频\第1章\chapter1\debug\chapter1.exe
e:\0_备课资料\4_c语言备课\c++趣味游戏开发\写书案例代码视频\第1章\chapter1\chapter1\debug\chapter1.exe.intermediate.manifest
e:\0_备课资料\4_c语言备课\c++趣味游戏开发\写书案例代码视频\第1章\chapter1\debug\chapter1.pdb
e:\0_备课资料\4_c语言备课\c++趣味游戏开发\写书案例代码视频\第1章\chapter1\chapter1\debug\chapter1.exe.embed.manifest
e:\0_备课资料\4_c语言备课\c++趣味游戏开发\写书案例代码视频\第1章\chapter1\chapter1\debug\chapter1.exe.embed.manifest.res
d:\download\cpp\代码图片素材\第1章\chapter1\chapter1\debug\vc142.pdb
d:\download\cpp\代码图片素材\第1章\chapter1\chapter1\debug\vc142.idb
d:\download\cpp\代码图片素材\第1章\chapter1\chapter1\debug\main.obj
d:\download\cpp\代码图片素材\第1章\chapter1\chapter1\debug\chapter1.write.1.tlog
d:\download\cpp\代码图片素材\第1章\chapter1\chapter1\debug\cl.command.1.tlog
d:\download\cpp\代码图片素材\第1章\chapter1\chapter1\debug\cl.read.1.tlog
d:\download\cpp\代码图片素材\第1章\chapter1\chapter1\debug\cl.write.1.tlog
d:\download\cpp\代码图片素材\第1章\chapter1\chapter1\debug\link-cvtres.read.1.tlog
d:\download\cpp\代码图片素材\第1章\chapter1\chapter1\debug\link-cvtres.write.1.tlog
d:\download\cpp\代码图片素材\第1章\chapter1\chapter1\debug\link.9940-cvtres.read.1.tlog
d:\download\cpp\代码图片素材\第1章\chapter1\chapter1\debug\link.9940-cvtres.write.1.tlog
d:\download\cpp\代码图片素材\第1章\chapter1\chapter1\debug\link.9940.read.1.tlog
d:\download\cpp\代码图片素材\第1章\chapter1\chapter1\debug\link.9940.write.1.tlog
d:\download\cpp\代码图片素材\第1章\chapter1\chapter1\debug\link.command.1.tlog
d:\download\cpp\代码图片素材\第1章\chapter1\chapter1\debug\link.read.1.tlog
d:\download\cpp\代码图片素材\第1章\chapter1\chapter1\debug\link.write.1.tlog
d:\download\cpp\代码图片素材\第1章\chapter1\chapter1\debug\mt.command.1.tlog
d:\download\cpp\代码图片素材\第1章\chapter1\chapter1\debug\mt.read.1.tlog
d:\download\cpp\代码图片素材\第1章\chapter1\chapter1\debug\mt.write.1.tlog
d:\download\cpp\代码图片素材\第1章\chapter1\chapter1\debug\rc.command.1.tlog
d:\download\cpp\代码图片素材\第1章\chapter1\chapter1\debug\rc.read.1.tlog
d:\download\cpp\代码图片素材\第1章\chapter1\chapter1\debug\rc.write.1.tlog
d:\download\cpp\代码图片素材\第1章\chapter1\chapter1\debug\chapter1.exe.embed.manifest
d:\download\cpp\代码图片素材\第1章\chapter1\chapter1\debug\chapter1.exe.intermediate.manifest
d:\download\cpp\代码图片素材\第1章\chapter1\chapter1\debug\chapter1.exe.embed.manifest.res
d:\download\cpp\代码图片素材\第1章\chapter1\chapter1\debug\vc100.idb
d:\download\cpp\代码图片素材\第1章\chapter1\chapter1\debug\vc100.pdb
d:\download\cpp\代码图片素材\第1章\chapter1\chapter1\debug\chapter1_manifest.rc
d:\download\cpp\代码图片素材\第1章\chapter1\debug\chapter1.pdb
d:\download\cpp\代码图片素材\第1章\chapter1\debug\chapter1.ilk
d:\download\cpp\代码图片素材\第1章\chapter1\chapter1\debug\chapter1.tlog\cl.command.1.tlog
d:\download\cpp\代码图片素材\第1章\chapter1\chapter1\debug\chapter1.tlog\cl.read.1.tlog
d:\download\cpp\代码图片素材\第1章\chapter1\chapter1\debug\chapter1.tlog\cl.write.1.tlog
d:\download\cpp\代码图片素材\第1章\chapter1\chapter1\debug\chapter1.tlog\link-cvtres.read.1.tlog
d:\download\cpp\代码图片素材\第1章\chapter1\chapter1\debug\chapter1.tlog\link-cvtres.write.1.tlog
d:\download\cpp\代码图片素材\第1章\chapter1\chapter1\debug\chapter1.tlog\link-rc.read.1.tlog
d:\download\cpp\代码图片素材\第1章\chapter1\chapter1\debug\chapter1.tlog\link-rc.write.1.tlog
d:\download\cpp\代码图片素材\第1章\chapter1\chapter1\debug\chapter1.tlog\link.command.1.tlog
d:\download\cpp\代码图片素材\第1章\chapter1\chapter1\debug\chapter1.tlog\link.read.1.tlog
d:\download\cpp\代码图片素材\第1章\chapter1\chapter1\debug\chapter1.tlog\link.write.1.tlog
